<?xml version="1.0" encoding="UTF-8"?>
<robot generator="Robot 4.1.2 (Python 3.10.0 on win32)" generated="20211102 09:45:59.386" rpa="false" schemaversion="2">
<suite id="s1" name="Sample test" source="C:\Users\admin\Desktop\Robot_dummy_project\Test_cases\Login_Test\Sample_test.robot">
<test id="s1-t1" name="Facebook – log in or sign up test">
<kw name="Open Browser" library="SeleniumLibrary">
<arg>https://www.facebook.com/</arg>
<arg>${BROWSER}</arg>
<doc>Opens a new browser instance to the optional ``url``.</doc>
<msg timestamp="20211102 09:46:02.808" level="INFO">Opening browser 'chrome' to base url 'https://www.facebook.com/'.</msg>
<status status="PASS" starttime="20211102 09:46:02.808" endtime="20211102 09:46:16.730"/>
</kw>
<kw name="Input Text" library="SeleniumLibrary">
<arg>//input[@name="email"]</arg>
<arg>ravi.nirale</arg>
<doc>Types the given ``text`` into the text field identified by ``locator``.</doc>
<msg timestamp="20211102 09:46:16.730" level="INFO">Typing text 'ravi.nirale' into text field '//input[@name="email"]'.</msg>
<status status="PASS" starttime="20211102 09:46:16.730" endtime="20211102 09:46:16.984"/>
</kw>
<kw name="Input Text" library="SeleniumLibrary">
<arg>//input[@name="pass"]</arg>
<arg>***</arg>
<doc>Types the given ``text`` into the text field identified by ``locator``.</doc>
<msg timestamp="20211102 09:46:16.984" level="INFO">Typing text '***' into text field '//input[@name="pass"]'.</msg>
<status status="PASS" starttime="20211102 09:46:16.984" endtime="20211102 09:46:17.287"/>
</kw>
<kw name="Sleep" library="BuiltIn">
<arg>2 seconds</arg>
<doc>Pauses the test executed for the given time.</doc>
<msg timestamp="20211102 09:46:19.297" level="INFO">Slept 2 seconds</msg>
<status status="PASS" starttime="20211102 09:46:17.295" endtime="20211102 09:46:19.297"/>
</kw>
<kw name="Click Element" library="SeleniumLibrary">
<arg>//button[@name="login"]</arg>
<doc>Click the element identified by ``locator``.</doc>
<msg timestamp="20211102 09:46:19.297" level="INFO">Clicking element '//button[@name="login"]'.</msg>
<status status="PASS" starttime="20211102 09:46:19.297" endtime="20211102 09:46:19.643"/>
</kw>
<kw name="Close Browser" library="SeleniumLibrary">
<doc>Closes the current browser.</doc>
<status status="PASS" starttime="20211102 09:46:19.651" endtime="20211102 09:46:22.453"/>
</kw>
<status status="PASS" starttime="20211102 09:46:02.808" endtime="20211102 09:46:22.453"/>
</test>
<doc>A test suite with a single test for Facebook – log in or sign up
Created by hats' Robotcorder</doc>
<status status="PASS" starttime="20211102 09:45:59.402" endtime="20211102 09:46:22.453"/>
</suite>
<statistics>
<total>
<stat pass="1" fail="0" skip="0">All Tests</stat>
</total>
<tag>
</tag>
<suite>
<stat pass="1" fail="0" skip="0" id="s1" name="Sample test">Sample test</stat>
</suite>
</statistics>
<errors>
</errors>
</robot>
